0 info it worked if it ends with ok
1 verbose cli [ '/usr/local/bin/node',
1 verbose cli   '/usr/local/bin/npm',
1 verbose cli   'install',
1 verbose cli   'node-castv2-client' ]
2 info using npm@1.4.28
3 info using node@v0.10.36
4 verbose cache add [ 'node-castv2-client', null ]
5 verbose cache add name=undefined spec="node-castv2-client" args=["node-castv2-client",null]
6 verbose parsed url { protocol: null,
6 verbose parsed url   slashes: null,
6 verbose parsed url   auth: null,
6 verbose parsed url   host: null,
6 verbose parsed url   port: null,
6 verbose parsed url   hostname: null,
6 verbose parsed url   hash: null,
6 verbose parsed url   search: null,
6 verbose parsed url   query: null,
6 verbose parsed url   pathname: 'node-castv2-client',
6 verbose parsed url   path: 'node-castv2-client',
6 verbose parsed url   href: 'node-castv2-client' }
7 silly lockFile 8d613139-node-castv2-client node-castv2-client
8 verbose lock node-castv2-client /home/pi/.npm/8d613139-node-castv2-client.lock
9 silly lockFile 8d613139-node-castv2-client node-castv2-client
10 silly lockFile 8d613139-node-castv2-client node-castv2-client
11 verbose addNamed [ 'node-castv2-client', '' ]
12 verbose addNamed [ null, '*' ]
13 silly lockFile 9a56b201-node-castv2-client node-castv2-client@
14 verbose lock node-castv2-client@ /home/pi/.npm/9a56b201-node-castv2-client.lock
15 silly addNameRange { name: 'node-castv2-client', range: '*', hasData: false }
16 verbose request where is /node-castv2-client
17 verbose request registry https://registry.npmjs.org/
18 verbose request id 7e966438a6c83510
19 verbose url raw /node-castv2-client
20 verbose url resolving [ 'https://registry.npmjs.org/', './node-castv2-client' ]
21 verbose url resolved https://registry.npmjs.org/node-castv2-client
22 verbose request where is https://registry.npmjs.org/node-castv2-client
23 info trying registry request attempt 1 at 20:36:40
24 http GET https://registry.npmjs.org/node-castv2-client
25 http 404 https://registry.npmjs.org/node-castv2-client
26 verbose headers { server: 'CouchDB/1.5.0 (Erlang OTP/R16B03)',
26 verbose headers   'content-type': 'application/json',
26 verbose headers   'cache-control': 'max-age=0',
26 verbose headers   'content-length': '51',
26 verbose headers   'accept-ranges': 'bytes',
26 verbose headers   date: 'Fri, 08 May 2015 20:36:41 GMT',
26 verbose headers   via: '1.1 varnish',
26 verbose headers   age: '0',
26 verbose headers   connection: 'keep-alive',
26 verbose headers   'x-served-by': 'cache-jfk1023-JFK',
26 verbose headers   'x-cache': 'MISS',
26 verbose headers   'x-cache-hits': '0',
26 verbose headers   'x-timer': 'S1431117400.965116,VS0,VE79' }
27 silly registry.get cb [ 404,
27 silly registry.get   { server: 'CouchDB/1.5.0 (Erlang OTP/R16B03)',
27 silly registry.get     'content-type': 'application/json',
27 silly registry.get     'cache-control': 'max-age=0',
27 silly registry.get     'content-length': '51',
27 silly registry.get     'accept-ranges': 'bytes',
27 silly registry.get     date: 'Fri, 08 May 2015 20:36:41 GMT',
27 silly registry.get     via: '1.1 varnish',
27 silly registry.get     age: '0',
27 silly registry.get     connection: 'keep-alive',
27 silly registry.get     'x-served-by': 'cache-jfk1023-JFK',
27 silly registry.get     'x-cache': 'MISS',
27 silly registry.get     'x-cache-hits': '0',
27 silly registry.get     'x-timer': 'S1431117400.965116,VS0,VE79' } ]
28 silly lockFile 9a56b201-node-castv2-client node-castv2-client@
29 silly lockFile 9a56b201-node-castv2-client node-castv2-client@
30 error 404 404 Not Found: node-castv2-client
30 error 404
30 error 404 'node-castv2-client' is not in the npm registry.
30 error 404 You should bug the author to publish it
30 error 404
30 error 404 Maybe try 'npm search castv2 client'
30 error 404
30 error 404 Note that you can also install from a
30 error 404 tarball, folder, or http url, or git url.
31 error System Linux 3.6.11+
32 error command "/usr/local/bin/node" "/usr/local/bin/npm" "install" "node-castv2-client"
33 error cwd /home/pi/SwatSocialCast
34 error node -v v0.10.36
35 error npm -v 1.4.28
36 error code E404
37 verbose exit [ 1, true ]
